<?xml version="1.0" encoding="UTF-8"?>
<testng-results skipped="3" failed="0" total="3" passed="0">
  <reporter-output>
  </reporter-output>
  <suite name="Default suite" duration-ms="3622" started-at="2020-06-04T07:44:16Z" finished-at="2020-06-04T07:44:20Z">
    <groups>
    </groups>
    <test name="Default test" duration-ms="3622" started-at="2020-06-04T07:44:16Z" finished-at="2020-06-04T07:44:20Z">
      <class name="BasicTest.validateHoveronItem">
        <test-method status="FAIL" signature="setup()[pri:0, instance:BasicTest.validateHoveronItem@5d5eef3d]" name="setup" is-config="true" duration-ms="0" started-at="2020-06-04T13:14:16Z" finished-at="2020-06-04T13:14:16Z">
          <exception class="org.openqa.selenium.SessionNotCreatedException">
            <message>
              <![CDATA[session not created: This version of ChromeDriver only supports Chrome version 80
Build info: version: '3.141.59', revision: 'e82be7d358', time: '2018-11-14T08:17:03'
System info: host: 'LAPTOP-MFTDN0JL', ip: '192.168.43.230', os.name: 'Windows 10', os.arch: 'amd64', os.version: '10.0', java.version: '1.8.0_241'
Driver info: driver.version: ChromeDriver
remote stacktrace: Backtrace:
	Ordinal0 [0x00250C83+1707139]
	Ordinal0 [0x001B68F1+1075441]
	Ordinal0 [0x0012DFC9+516041]
	Ordinal0 [0x000C0554+66900]
	Ordinal0 [0x000BCCE2+52450]
	Ordinal0 [0x000DBFD7+180183]
	Ordinal0 [0x000DBDDD+179677]
	Ordinal0 [0x000D9D4B+171339]
	Ordinal0 [0x000C1D4A+73034]
	Ordinal0 [0x000C2DC0+77248]
	Ordinal0 [0x000C2D59+77145]
	Ordinal0 [0x001CBB67+1162087]
	GetHandleVerifier [0x002EA966+508998]
	GetHandleVerifier [0x002EA6A4+508292]
	GetHandleVerifier [0x002FF7B7+594583]
	GetHandleVerifier [0x002EB1D6+511158]
	Ordinal0 [0x001C402C+1130540]
	Ordinal0 [0x001CD4CB+1168587]
	Ordinal0 [0x001CD633+1168947]
	Ordinal0 [0x001E5B35+1268533]
	BaseThreadInitThunk [0x76F16359+25]
	RtlGetAppContainerNamedObjectPath [0x77767C24+228]
	RtlGetAppContainerNamedObjectPath [0x77767BF4+180]
	(No symbol) [0x00000000]
]]>
            </message>
            <full-stacktrace>
              <![CDATA[org.openqa.selenium.SessionNotCreatedException: session not created: This version of ChromeDriver only supports Chrome version 80
Build info: version: '3.141.59', revision: 'e82be7d358', time: '2018-11-14T08:17:03'
System info: host: 'LAPTOP-MFTDN0JL', ip: '192.168.43.230', os.name: 'Windows 10', os.arch: 'amd64', os.version: '10.0', java.version: '1.8.0_241'
Driver info: driver.version: ChromeDriver
remote stacktrace: Backtrace:
	Ordinal0 [0x00250C83+1707139]
	Ordinal0 [0x001B68F1+1075441]
	Ordinal0 [0x0012DFC9+516041]
	Ordinal0 [0x000C0554+66900]
	Ordinal0 [0x000BCCE2+52450]
	Ordinal0 [0x000DBFD7+180183]
	Ordinal0 [0x000DBDDD+179677]
	Ordinal0 [0x000D9D4B+171339]
	Ordinal0 [0x000C1D4A+73034]
	Ordinal0 [0x000C2DC0+77248]
	Ordinal0 [0x000C2D59+77145]
	Ordinal0 [0x001CBB67+1162087]
	GetHandleVerifier [0x002EA966+508998]
	GetHandleVerifier [0x002EA6A4+508292]
	GetHandleVerifier [0x002FF7B7+594583]
	GetHandleVerifier [0x002EB1D6+511158]
	Ordinal0 [0x001C402C+1130540]
	Ordinal0 [0x001CD4CB+1168587]
	Ordinal0 [0x001CD633+1168947]
	Ordinal0 [0x001E5B35+1268533]
	BaseThreadInitThunk [0x76F16359+25]
	RtlGetAppContainerNamedObjectPath [0x77767C24+228]
	RtlGetAppContainerNamedObjectPath [0x77767BF4+180]
	(No symbol) [0x00000000]

	at sun.reflect.NativeConstructorAccessorImpl.newInstance0(Native Method)
	at sun.reflect.NativeConstructorAccessorImpl.newInstance(Unknown Source)
	at sun.reflect.DelegatingConstructorAccessorImpl.newInstance(Unknown Source)
	at java.lang.reflect.Constructor.newInstance(Unknown Source)
	at org.openqa.selenium.remote.W3CHandshakeResponse.lambda$errorHandler$0(W3CHandshakeResponse.java:62)
	at org.openqa.selenium.remote.HandshakeResponse.lambda$getResponseFunction$0(HandshakeResponse.java:30)
	at org.openqa.selenium.remote.ProtocolHandshake.lambda$createSession$0(ProtocolHandshake.java:126)
	at java.util.stream.ReferencePipeline$3$1.accept(Unknown Source)
	at java.util.Spliterators$ArraySpliterator.tryAdvance(Unknown Source)
	at java.util.stream.ReferencePipeline.forEachWithCancel(Unknown Source)
	at java.util.stream.AbstractPipeline.copyIntoWithCancel(Unknown Source)
	at java.util.stream.AbstractPipeline.copyInto(Unknown Source)
	at java.util.stream.AbstractPipeline.wrapAndCopyInto(Unknown Source)
	at java.util.stream.FindOps$FindOp.evaluateSequential(Unknown Source)
	at java.util.stream.AbstractPipeline.evaluate(Unknown Source)
	at java.util.stream.ReferencePipeline.findFirst(Unknown Source)
	at org.openqa.selenium.remote.ProtocolHandshake.createSession(ProtocolHandshake.java:128)
	at org.openqa.selenium.remote.ProtocolHandshake.createSession(ProtocolHandshake.java:74)
	at org.openqa.selenium.remote.HttpCommandExecutor.execute(HttpCommandExecutor.java:136)
	at org.openqa.selenium.remote.service.DriverCommandExecutor.execute(DriverCommandExecutor.java:83)
	at org.openqa.selenium.remote.RemoteWebDriver.execute(RemoteWebDriver.java:552)
	at org.openqa.selenium.remote.RemoteWebDriver.startSession(RemoteWebDriver.java:213)
	at org.openqa.selenium.remote.RemoteWebDriver.<init>(RemoteWebDriver.java:131)
	at org.openqa.selenium.chrome.ChromeDriver.<init>(ChromeDriver.java:181)
	at org.openqa.selenium.chrome.ChromeDriver.<init>(ChromeDriver.java:168)
	at org.openqa.selenium.chrome.ChromeDriver.<init>(ChromeDriver.java:123)
	at basePackage.TestBase.initilize(TestBase.java:31)
	at BasicTest.validateHoveronItem.setup(validateHoveronItem.java:31)
	at sun.reflect.NativeMethodAccessorImpl.invoke0(Native Method)
	at sun.reflect.NativeMethodAccessorImpl.invoke(Unknown Source)
	at sun.reflect.DelegatingMethodAccessorImpl.invoke(Unknown Source)
	at java.lang.reflect.Method.invoke(Unknown Source)
	at org.testng.internal.MethodInvocationHelper.invokeMethod(MethodInvocationHelper.java:80)
	at org.testng.internal.Invoker.invokeConfigurationMethod(Invoker.java:564)
	at org.testng.internal.Invoker.invokeConfigurations(Invoker.java:213)
	at org.testng.internal.Invoker.invokeConfigurations(Invoker.java:138)
	at org.testng.TestRunner.beforeRun(TestRunner.java:641)
	at org.testng.TestRunner.run(TestRunner.java:609)
	at org.testng.SuiteRunner.runTest(SuiteRunner.java:334)
	at org.testng.SuiteRunner.runSequentially(SuiteRunner.java:329)
	at org.testng.SuiteRunner.privateRun(SuiteRunner.java:291)
	at org.testng.SuiteRunner.run(SuiteRunner.java:240)
	at org.testng.SuiteRunnerWorker.runSuite(SuiteRunnerWorker.java:52)
	at org.testng.SuiteRunnerWorker.run(SuiteRunnerWorker.java:86)
	at org.testng.TestNG.runSuitesSequentially(TestNG.java:1198)
	at org.testng.TestNG.runSuitesLocally(TestNG.java:1123)
	at org.testng.TestNG.run(TestNG.java:1031)
	at org.testng.remote.AbstractRemoteTestNG.run(AbstractRemoteTestNG.java:115)
	at org.testng.remote.RemoteTestNG.initAndRun(RemoteTestNG.java:251)
	at org.testng.remote.RemoteTestNG.main(RemoteTestNG.java:77)
]]>
            </full-stacktrace>
          </exception> <!-- org.openqa.selenium.SessionNotCreatedException -->
          <reporter-output>
          </reporter-output>
        </test-method> <!-- setup -->
        <test-method status="SKIP" signature="validateLightBox()[pri:0, instance:BasicTest.validateHoveronItem@5d5eef3d]" name="validateLightBox" duration-ms="15" started-at="2020-06-04T13:14:20Z" finished-at="2020-06-04T13:14:20Z">
          <reporter-output>
          </reporter-output>
        </test-method> <!-- validateLightBox -->
        <test-method status="SKIP" signature="validateSearchItemPage()[pri:0, instance:BasicTest.validateHoveronItem@5d5eef3d]" name="validateSearchItemPage" duration-ms="2" started-at="2020-06-04T13:14:20Z" finished-at="2020-06-04T13:14:20Z">
          <reporter-output>
          </reporter-output>
        </test-method> <!-- validateSearchItemPage -->
        <test-method status="SKIP" signature="validateuserNavigatedToPDP()[pri:0, instance:BasicTest.validateHoveronItem@5d5eef3d]" name="validateuserNavigatedToPDP" duration-ms="5" started-at="2020-06-04T13:14:20Z" finished-at="2020-06-04T13:14:20Z">
          <reporter-output>
          </reporter-output>
        </test-method> <!-- validateuserNavigatedToPDP -->
        <test-method status="SKIP" signature="teardown()[pri:0, instance:BasicTest.validateHoveronItem@5d5eef3d]" name="teardown" is-config="true" duration-ms="0" started-at="2020-06-04T13:14:20Z" finished-at="2020-06-04T13:14:20Z">
          <reporter-output>
          </reporter-output>
        </test-method> <!-- teardown -->
      </class> <!-- BasicTest.validateHoveronItem -->
    </test> <!-- Default test -->
  </suite> <!-- Default suite -->
</testng-results>
